2019-03-05 20:53:32.813  INFO 1872 --- [restartedMain] c.example.business.BusinessApplication   : Starting BusinessApplication on DESKTOP-JJAOA0A with PID 1872 (C:\Users\Jonathan\Desktop\team_36\Backend\business\target\classes started by Jonathan in C:\Users\Jonathan\Desktop\team_36\Backend\business)
2019-03-05 20:53:32.816  INFO 1872 --- [restartedMain] c.example.business.BusinessApplication   : No active profile set, falling back to default profiles: default
2019-03-05 20:53:32.878  INFO 1872 --- [restartedMain] .e.DevToolsPropertyDefaultsPostProcessor : Devtools property defaults active! Set 'spring.devtools.add-properties' to 'false' to disable
2019-03-05 20:53:32.878  INFO 1872 --- [restartedMain] .e.DevToolsPropertyDefaultsPostProcessor : For additional web related logging consider setting the 'logging.level.web' property to 'DEBUG'
2019-03-05 20:53:34.313  INFO 1872 --- [restartedMain] .s.d.r.c.RepositoryConfigurationDelegate : Bootstrapping Spring Data repositories in DEFAULT mode.
2019-03-05 20:53:34.415  INFO 1872 --- [restartedMain] .s.d.r.c.RepositoryConfigurationDelegate : Finished Spring Data repository scanning in 90ms. Found 3 repository interfaces.
2019-03-05 20:53:35.009  INFO 1872 --- [restartedMain] trationDelegate$BeanPostProcessorChecker : Bean 'org.springframework.transaction.annotation.ProxyTransactionManagementConfiguration' of type [org.springframework.transaction.annotation.ProxyTransactionManagementConfiguration$$EnhancerBySpringCGLIB$$293ef48c] is not eligible for getting processed by all BeanPostProcessors (for example: not eligible for auto-proxying)
2019-03-05 20:53:35.491  INFO 1872 --- [restartedMain] o.s.b.w.embedded.tomcat.TomcatWebServer  : Tomcat initialized with port(s): 8080 (http)
2019-03-05 20:53:35.526  INFO 1872 --- [restartedMain] o.apache.catalina.core.StandardService   : Starting service [Tomcat]
2019-03-05 20:53:35.527  INFO 1872 --- [restartedMain] org.apache.catalina.core.StandardEngine  : Starting Servlet engine: [Apache Tomcat/9.0.14]
2019-03-05 20:53:35.537  INFO 1872 --- [restartedMain] o.a.catalina.core.AprLifecycleListener   : The APR based Apache Tomcat Native library which allows optimal performance in production environments was not found on the java.library.path: [C:\Program Files\Java\jre1.8.0_151\bin;C:\WINDOWS\Sun\Java\bin;C:\WINDOWS\system32;C:\WINDOWS;C:/Program Files/Java/jre1.8.0_151/bin/server;C:/Program Files/Java/jre1.8.0_151/bin;C:/Program Files/Java/jre1.8.0_151/lib/amd64;C:\Program Files (x86)\Intel\iCLS Client\;C:\ProgramData\Oracle\Java\javapath;C:\Program Files\Intel\iCLS Client\;C:\WINDOWS\system32;C:\WINDOWS;C:\WINDOWS\System32\Wbem;C:\WINDOWS\System32\WindowsPowerShell\v1.0\;C:\Program Files\Git\cmd;C:\Program Files\Java\jdk1.8.0_151\bin;C:\Strawberry\c\bin;C:\Strawberry\perl\site\bin;C:\Strawberry\perl\bin;C:\Program Files (x86)\Intel\Intel(R) Management Engine Components\DAL;C:\Program Files\Intel\Intel(R) Management Engine Components\DAL;C:\Program Files (x86)\Intel\Intel(R) Management Engine Components\IPT;C:\Program Files\Intel\Intel(R) Management Engine Components\IPT;C:\WINDOWS\System32\OpenSSH\;C:\Program Files\PuTTY\;C:\Program Files\Intel\WiFi\bin\;C:\Program Files\Common Files\Intel\WirelessCommon\;C:\Program Files\nodejs\;C:\Users\Jonathan\AppData\Local\Microsoft\WindowsApps;C:\Users\Jonathan\AppData\Local\Programs\Microsoft VS Code\bin;C:\Users\Jonathan\AppData\Roaming\npm;C:\Users\Jonathan\Downloads\spring-tool-suite-3.9.7.RELEASE-e4.10.0-win32-x86_64\sts-bundle\sts-3.9.7.RELEASE;;.]
2019-03-05 20:53:35.741  INFO 1872 --- [restartedMain] o.a.c.c.C.[Tomcat].[localhost].[/]       : Initializing Spring embedded WebApplicationContext
2019-03-05 20:53:35.741  INFO 1872 --- [restartedMain] o.s.web.context.ContextLoader            : Root WebApplicationContext: initialization completed in 2863 ms
2019-03-05 20:53:36.584  INFO 1872 --- [restartedMain] com.zaxxer.hikari.HikariDataSource       : HikariPool-1 - Starting...
2019-03-05 20:53:36.929  INFO 1872 --- [restartedMain] com.zaxxer.hikari.HikariDataSource       : HikariPool-1 - Start completed.
2019-03-05 20:53:36.999  INFO 1872 --- [restartedMain] o.hibernate.jpa.internal.util.LogHelper  : HHH000204: Processing PersistenceUnitInfo [
	name: default
	...]
2019-03-05 20:53:37.141  INFO 1872 --- [restartedMain] org.hibernate.Version                    : HHH000412: Hibernate Core {5.3.7.Final}
2019-03-05 20:53:37.142  INFO 1872 --- [restartedMain] org.hibernate.cfg.Environment            : HHH000206: hibernate.properties not found
2019-03-05 20:53:37.392  INFO 1872 --- [restartedMain] o.hibernate.annotations.common.Version   : HCANN000001: Hibernate Commons Annotations {5.0.4.Final}
2019-03-05 20:53:37.649  INFO 1872 --- [restartedMain] org.hibernate.dialect.Dialect            : HHH000400: Using dialect: org.hibernate.dialect.MySQL5Dialect
2019-03-05 20:53:38.603  INFO 1872 --- [restartedMain] j.LocalContainerEntityManagerFactoryBean : Initialized JPA EntityManagerFactory for persistence unit 'default'
2019-03-05 20:53:39.416  INFO 1872 --- [restartedMain] o.s.s.concurrent.ThreadPoolTaskExecutor  : Initializing ExecutorService 'applicationTaskExecutor'
2019-03-05 20:53:39.528  WARN 1872 --- [restartedMain] aWebConfiguration$JpaWebMvcConfiguration : spring.jpa.open-in-view is enabled by default. Therefore, database queries may be performed during view rendering. Explicitly configure spring.jpa.open-in-view to disable this warning
2019-03-05 20:53:39.727  INFO 1872 --- [restartedMain] o.s.b.a.w.s.WelcomePageHandlerMapping    : Adding welcome page: class path resource [static/index.html]
2019-03-05 20:53:40.394  INFO 1872 --- [restartedMain] o.s.b.d.a.OptionalLiveReloadServer       : LiveReload server is running on port 35729
2019-03-05 20:53:40.424  INFO 1872 --- [restartedMain] o.s.b.a.e.web.EndpointLinksResolver      : Exposing 2 endpoint(s) beneath base path '/actuator'
2019-03-05 20:53:40.653  INFO 1872 --- [restartedMain] o.s.b.w.embedded.tomcat.TomcatWebServer  : Tomcat started on port(s): 8080 (http) with context path ''
2019-03-05 20:53:40.658  INFO 1872 --- [restartedMain] c.example.business.BusinessApplication   : Started BusinessApplication in 8.442 seconds (JVM running for 11.25)
2019-03-05 20:54:18.663  INFO 1872 --- [http-nio-8080-exec-1] o.a.c.c.C.[Tomcat].[localhost].[/]       : Initializing Spring DispatcherServlet 'dispatcherServlet'
2019-03-05 20:54:18.664  INFO 1872 --- [http-nio-8080-exec-1] o.s.web.servlet.DispatcherServlet        : Initializing Servlet 'dispatcherServlet'
2019-03-05 20:54:18.680  INFO 1872 --- [http-nio-8080-exec-1] o.s.web.servlet.DispatcherServlet        : Completed initialization in 16 ms
2019-03-05 20:54:18.791  INFO 1872 --- [http-nio-8080-exec-1] o.h.h.i.QueryTranslatorFactoryInitiator  : HHH000397: Using ASTQueryTranslatorFactory
2019-03-05 20:57:18.672  WARN 1872 --- [http-nio-8080-exec-8] .w.s.m.s.DefaultHandlerExceptionResolver : Resolved [org.springframework.http.converter.HttpMessageNotReadableException: JSON parse error: Cannot construct instance of `com.example.business.data.entities.Restaurant` (although at least one Creator exists): no String-argument constructor/factory method to deserialize from String value ('last_updated'); nested exception is com.fasterxml.jackson.databind.exc.MismatchedInputException: Cannot construct instance of `com.example.business.data.entities.Restaurant` (although at least one Creator exists): no String-argument constructor/factory method to deserialize from String value ('last_updated')
 at [Source: (PushbackInputStream); line: 1, column: 1]]
2019-03-05 21:01:50.299  INFO 1872 --- [Thread-8] o.s.s.concurrent.ThreadPoolTaskExecutor  : Shutting down ExecutorService 'applicationTaskExecutor'
2019-03-05 21:01:50.301  INFO 1872 --- [Thread-8] j.LocalContainerEntityManagerFactoryBean : Closing JPA EntityManagerFactory for persistence unit 'default'
2019-03-05 21:01:50.304  INFO 1872 --- [Thread-8] com.zaxxer.hikari.HikariDataSource       : HikariPool-1 - Shutdown initiated...
2019-03-05 21:01:50.312  INFO 1872 --- [Thread-8] com.zaxxer.hikari.HikariDataSource       : HikariPool-1 - Shutdown completed.
2019-03-05 21:01:50.792  INFO 1872 --- [restartedMain] c.example.business.BusinessApplication   : Starting BusinessApplication on DESKTOP-JJAOA0A with PID 1872 (C:\Users\Jonathan\Desktop\team_36\Backend\business\target\classes started by Jonathan in C:\Users\Jonathan\Desktop\team_36\Backend\business)
2019-03-05 21:01:50.793  INFO 1872 --- [restartedMain] c.example.business.BusinessApplication   : No active profile set, falling back to default profiles: default
2019-03-05 21:01:51.178  INFO 1872 --- [restartedMain] .s.d.r.c.RepositoryConfigurationDelegate : Bootstrapping Spring Data repositories in DEFAULT mode.
2019-03-05 21:01:51.194  INFO 1872 --- [restartedMain] .s.d.r.c.RepositoryConfigurationDelegate : Finished Spring Data repository scanning in 16ms. Found 3 repository interfaces.
2019-03-05 21:01:51.263  INFO 1872 --- [restartedMain] trationDelegate$BeanPostProcessorChecker : Bean 'org.springframework.transaction.annotation.ProxyTransactionManagementConfiguration' of type [org.springframework.transaction.annotation.ProxyTransactionManagementConfiguration$$EnhancerBySpringCGLIB$$293ef48c] is not eligible for getting processed by all BeanPostProcessors (for example: not eligible for auto-proxying)
2019-03-05 21:01:51.423  INFO 1872 --- [restartedMain] o.s.b.w.embedded.tomcat.TomcatWebServer  : Tomcat initialized with port(s): 8080 (http)
2019-03-05 21:01:51.426  INFO 1872 --- [restartedMain] o.apache.catalina.core.StandardService   : Starting service [Tomcat]
2019-03-05 21:01:51.426  INFO 1872 --- [restartedMain] org.apache.catalina.core.StandardEngine  : Starting Servlet engine: [Apache Tomcat/9.0.14]
2019-03-05 21:01:51.451  INFO 1872 --- [restartedMain] o.a.c.c.C.[Tomcat].[localhost].[/]       : Initializing Spring embedded WebApplicationContext
2019-03-05 21:01:51.452  INFO 1872 --- [restartedMain] o.s.web.context.ContextLoader            : Root WebApplicationContext: initialization completed in 657 ms
2019-03-05 21:01:51.844  INFO 1872 --- [restartedMain] com.zaxxer.hikari.HikariDataSource       : HikariPool-2 - Starting...
